<?xml version="1.0" encoding="UTF-8"?>
<!-- Generated by org.testng.reporters.JUnitReportReporter -->
<testsuite hostname="DESKTOP-C6F7UTH" failures="0" tests="2" name="testcase.test_case_one" time="2.592" errors="0" timestamp="2024-05-09T16:56:25 IST" skipped="0">
  <testcase classname="testcase.test_case_one" name="page" time="0.758"/>
  <testcase classname="testcase.test_case_one" name="page" time="1.834"/>
</testsuite> <!-- testcase.test_case_one -->
